=====================
Opened log file
=====================
Created pcores directory
=====================
Opened log file
=====================
Xilinx Platform Studio (XPS)
Xilinx EDK 12.4 Build EDK_MS4.81d

Xilinx EDK 12.4 Build EDK_MS4.81d

Copied C:/Xilinx/12.4/ISE_DS/EDK/data/xflow/bitgen_spartan6.ut to etc directory
Copied file C:/Xilinx/12.4/ISE_DS/EDK/data/xflow/fast_runtime_spartan6.opt to
etc directory
Created backup of etc/bitgen.ut to etc/bitgen.ut.virtex5
Copied C:/Xilinx/12.4/ISE_DS/EDK/data/xflow/bitgen_spartan6.ut to etc directory
Created backup of etc/fast_runtime.opt to etc/fast_runtime.opt.virtex5
Copied file C:/Xilinx/12.4/ISE_DS/EDK/data/xflow/fast_runtime_spartan6.opt to
etc directory
No changes to be saved in MSS file
Saved project XMP file
