    ____  ____
   /   /\/   /
  /___/  \  /    VENDOR      : Xilinx Inc.
  \   \   \/     VERSION     : 12.4 (M.81d)
   \   \         APPLICATION : C:\Xilinx\12.4\ISE_DS\ISE\bin\nt64\unwrapped\compxlib.exe
   /   /         CONTENTS    : Compilation Log
  /___/   /\     FILENAME    : compxlib.log
  \   \  /  \    
   \___\/\___\

Release 12.4 - C:\Xilinx\12.4\ISE_DS\ISE\bin\nt64\unwrapped\compxlib.exe 12.4 (nt64)
Copyright (c) 1995-2010 Xilinx, Inc.  All rights reserved.

Processing command line ...
Reading the compxlib configuration file - 'compxlib.cfg' ...
WARNING:Compxlib - The legacy option '-exclude_deprecated' will be obsolete in version 13.1. Please use the option '-exclude_superseded' for the same.
Library Source Paths => 'C:/Xilinx/12.4/ISE_DS/ISE'
Current Working Directory => 'C:\Users\fadeev\Documents\TDT4255\ise_project_files'
Compilation Mode = FAST
Execute Mode = ON
Scheduling library installation & compilation for architectures: spartan6

Scheduling library installation & compilation for libraries: simprim unisim xilinxcorelib edk

Signature:-
------------------------------------------------------------------------------
C:\Xilinx\12.4\ISE_DS\ISE\bin\nt64\unwrapped\compxlib.exe -s mti_se -l vhdl -p C:/modeltech_6.6d/win32 -arch spartan6 -lib unisim -lib simprim -lib xilinxcorelib -lib edk -exclude_deprecated -intstyle ise 
------------------------------------------------------------------------------
Get MODELSIM environment variable
MODELSIM: ( => 'c:\modeltech_6.6d\modelsim.ini' )
Using MODELSIM ( => 'c:\modeltech_6.6d\modelsim.ini' )

Setting up the simulator 'mti_se' for compilation ...
The executable path is set to 'C:/modeltech_6.6d/win32' ...
Setting up the source libraries for simulator 'mti_se' ...
Retrieving the .pao files for EDK library ...
Building the library hierarchies from the .pao files for EDK library ...
Assigning the netlist files to the hierarchies for EDK library ...



Compiling Xilinx HDL Libraries for 'mti_se' simulator
Model Technology ModelSim SE vcom 6.6d Compiler 2010.11 Nov  1 2010
Language => 'vhdl,verilog'
Output directory => 'C:\Xilinx\12.4\ISE_DS\ISE'


Library verilog.secureip will not be compiled, because precompiled info is up to date.
compxlib[verilog.secureip]: 0 error(s), 0 warning(s), 12.50 % complete



Library vhdl.unisim:vhdl.unimacro will not be compiled, because precompiled info is up to date.

Library vhdl.unisim:vhdl.secureip_vhdl_unisim will not be compiled, because precompiled info is up to date.

Library vhdl.unisim will not be compiled, because precompiled info is up to date.
compxlib[vhdl.unisim]: 0 error(s), 0 warning(s), 25.00 % complete



Library verilog.unisim:verilog.unimacro will not be compiled, because precompiled info is up to date.

Library verilog.unisim will not be compiled, because precompiled info is up to date.
compxlib[verilog.unisim]: 0 error(s), 37 warning(s), 37.50 % complete



Library vhdl.simprim:vhdl.secureip_vhdl_simprim will not be compiled, because precompiled info is up to date.

Library vhdl.simprim will not be compiled, because precompiled info is up to date.
compxlib[vhdl.simprim]: 0 error(s), 0 warning(s), 50.00 % complete



Library verilog.simprim will not be compiled, because precompiled info is up to date.
compxlib[verilog.simprim]: 0 error(s), 0 warning(s), 62.50 % complete



Library vhdl.xilinxcorelib will not be compiled, because precompiled info is up to date.
compxlib[vhdl.xilinxcorelib]: 0 error(s), 238 warning(s), 75.00 % complete



Library verilog.xilinxcorelib will not be compiled, because precompiled info is up to date.
compxlib[verilog.xilinxcorelib]: 0 error(s), 4 warning(s), 87.50 % complete


Generating the file - 'C:\Xilinx\12.4\ISE_DS\ISE/.compedklib_ise_info' for EDK ...

Library edk:agilent_atc2_v1_02_a will be compiled, because no precompiled info.
Exclude Superseded EDK child library agilent_atc2_v1_02_a.
Exclude Superseded EDK child library agilent_mtc_v4_v1_00_a.
Exclude Superseded EDK child library agilent_mtc_v5_v1_00_b.

Library edk:common_v1_00_a will not be compiled, because precompiled info is up to date.
compxlib[edk:common_v1_00_a]: 0 error(s), 0 warning(s), 1.60 % complete


Library edk:apu_fpu_v3_10_a will not be compiled, because precompiled info is up to date.
compxlib[edk:apu_fpu_v3_10_a]: 0 error(s), 0 warning(s), 2.00 % complete


Library edk:apu_fpu_virtex5_v1_01_a will not be compiled, because precompiled info is up to date.
compxlib[edk:apu_fpu_virtex5_v1_01_a]: 0 error(s), 0 warning(s), 2.40 % complete


Library edk:axi2axi_connector_v1_00_a will not be compiled, because precompiled info is up to date.
compxlib[edk:axi2axi_connector_v1_00_a]: 0 error(s), 0 warning(s), 2.80 % complete


Library edk:proc_common_v3_00_a will not be compiled, because precompiled info is up to date.
compxlib[edk:proc_common_v3_00_a]: 0 error(s), 0 warning(s), 3.20 % complete


Library edk:axi_apb_bridge_v1_00_a will not be compiled, because precompiled info is up to date.
compxlib[edk:axi_apb_bridge_v1_00_a]: 0 error(s), 0 warning(s), 3.60 % complete

Exclude Superseded EDK child library axi_bram_ctrl_v1_00_a.

Library edk:axi_bram_ctrl_v1_01_a will not be compiled, because precompiled info is up to date.
compxlib[edk:axi_bram_ctrl_v1_01_a]: 0 error(s), 0 warning(s), 4.40 % complete


Library edk:lib_common_v1_00_a will not be compiled, because precompiled info is up to date.
compxlib[edk:lib_common_v1_00_a]: 0 error(s), 0 warning(s), 4.80 % complete


Library edk:axi_lite_ipif_v1_00_a will not be compiled, because precompiled info is up to date.
compxlib[edk:axi_lite_ipif_v1_00_a]: 0 error(s), 0 warning(s), 5.20 % complete

Exclude Superseded EDK child library axi_can_v1_00_a.

Library edk:axi_lite_ipif_v1_01_a will not be compiled, because precompiled info is up to date.
compxlib[edk:axi_lite_ipif_v1_01_a]: 0 error(s), 0 warning(s), 6.00 % complete


Library edk:axi_can_v1_01_a will not be compiled, because precompiled info is up to date.
compxlib[edk:axi_can_v1_01_a]: 0 error(s), 0 warning(s), 6.40 % complete


Library edk:axi_datamover_v1_00_a will not be compiled, because precompiled info is up to date.
compxlib[edk:axi_datamover_v1_00_a]: 0 error(s), 0 warning(s), 6.80 % complete


Library edk:axi_sg_v1_00_a will not be compiled, because precompiled info is up to date.
compxlib[edk:axi_sg_v1_00_a]: 0 error(s), 0 warning(s), 7.20 % complete

Exclude Superseded EDK child library axi_cdma_v1_00_a.

Library edk:axi_sg_v2_00_a will not be compiled, because precompiled info is up to date.
compxlib[edk:axi_sg_v2_00_a]: 0 error(s), 0 warning(s), 8.00 % complete


Library edk:axi_cdma_v2_00_a will not be compiled, because precompiled info is up to date.
compxlib[edk:axi_cdma_v2_00_a]: 0 error(s), 0 warning(s), 8.40 % complete

Exclude Superseded EDK child library axi_dma_v1_00_a.

Library edk:axi_dma_v2_00_a will not be compiled, because precompiled info is up to date.
compxlib[edk:axi_dma_v2_00_a]: 0 error(s), 0 warning(s), 9.20 % complete


Library edk:axi_slave_burst_v1_00_a will not be compiled, because precompiled info is up to date.
compxlib[edk:axi_slave_burst_v1_00_a]: 0 error(s), 1 warning(s), 9.60 % complete


Library edk:emc_common_v5_00_a will not be compiled, because precompiled info is up to date.
compxlib[edk:emc_common_v5_00_a]: 0 error(s), 0 warning(s), 10.00 % complete


Library edk:axi_emc_v1_00_a will not be compiled, because precompiled info is up to date.
compxlib[edk:axi_emc_v1_00_a]: 0 error(s), 0 warning(s), 10.40 % complete


Library edk:lib_common_v1_01_a will not be compiled, because precompiled info is up to date.
compxlib[edk:lib_common_v1_01_a]: 0 error(s), 0 warning(s), 10.80 % complete


Library edk:axi_ethernet_avb_wrap_v1_00_a will not be compiled, because precompiled info is up to date.
compxlib[edk:axi_ethernet_avb_wrap_v1_00_a]: 0 error(s), 0 warning(s), 11.20 % complete


Library edk:axi_ethernet_avb_wrap_v1_01_a will not be compiled, because precompiled info is up to date.
compxlib[edk:axi_ethernet_avb_wrap_v1_01_a]: 0 error(s), 0 warning(s), 11.60 % complete


Library edk:axi_ethernet_pcs_pma_wrap_v1_00_a will not be compiled, because precompiled info is up to date.
compxlib[edk:axi_ethernet_pcs_pma_wrap_v1_00_a]: 0 error(s), 0 warning(s), 12.00 % complete


Library edk:axi_ethernet_pcs_pma_wrap_v1_01_a will not be compiled, because precompiled info is up to date.
compxlib[edk:axi_ethernet_pcs_pma_wrap_v1_01_a]: 0 error(s), 0 warning(s), 12.40 % complete


Library edk:axi_ethernet_soft_temac_wrap_v1_00_a will not be compiled, because precompiled info is up to date.
compxlib[edk:axi_ethernet_soft_temac_wrap_v1_00_a]: 0 error(s), 0 warning(s), 12.80 % complete


Library edk:axi_ethernet_soft_temac_wrap_v1_01_a will not be compiled, because precompiled info is up to date.
compxlib[edk:axi_ethernet_soft_temac_wrap_v1_01_a]: 0 error(s), 0 warning(s), 13.20 % complete


Library edk:axi_ethernet_stat_wrap_v1_00_a will not be compiled, because precompiled info is up to date.
compxlib[edk:axi_ethernet_stat_wrap_v1_00_a]: 0 error(s), 0 warning(s), 13.60 % complete


Library edk:axi_ethernet_stat_wrap_v1_01_a will not be compiled, because precompiled info is up to date.
compxlib[edk:axi_ethernet_stat_wrap_v1_01_a]: 0 error(s), 0 warning(s), 14.00 % complete

Exclude Superseded EDK child library axi_ethernet_v1_00_a.

Library edk:axi_ethernet_v1_01_a will not be compiled, because precompiled info is up to date.
compxlib[edk:axi_ethernet_v1_01_a]: 0 error(s), 0 warning(s), 14.80 % complete


Library edk:axi_ethernetlite_v1_00_a will not be compiled, because precompiled info is up to date.
compxlib[edk:axi_ethernetlite_v1_00_a]: 0 error(s), 1 warning(s), 15.20 % complete


Library edk:axi_ext_master_conn_v1_00_a will not be compiled, because precompiled info is up to date.
compxlib[edk:axi_ext_master_conn_v1_00_a]: 0 error(s), 0 warning(s), 15.60 % complete


Library edk:axi_ext_slave_conn_v1_00_a will not be compiled, because precompiled info is up to date.
compxlib[edk:axi_ext_slave_conn_v1_00_a]: 0 error(s), 0 warning(s), 16.00 % complete


Library edk:axi_fifo_mm_s_v1_00_a will not be compiled, because precompiled info is up to date.
compxlib[edk:axi_fifo_mm_s_v1_00_a]: 0 error(s), 0 warning(s), 16.40 % complete


Library edk:interrupt_control_v2_01_a will not be compiled, because precompiled info is up to date.
compxlib[edk:interrupt_control_v2_01_a]: 0 error(s), 0 warning(s), 16.80 % complete

Exclude Superseded EDK child library axi_gpio_v1_00_a.

Library edk:axi_gpio_v1_01_a will not be compiled, because precompiled info is up to date.
compxlib[edk:axi_gpio_v1_01_a]: 0 error(s), 0 warning(s), 17.60 % complete


Library edk:hwicap_v7_00_a will not be compiled, because precompiled info is up to date.
compxlib[edk:hwicap_v7_00_a]: 0 error(s), 0 warning(s), 18.00 % complete


Library edk:axi_hwicap_v1_00_a will not be compiled, because precompiled info is up to date.
compxlib[edk:axi_hwicap_v1_00_a]: 0 error(s), 0 warning(s), 18.40 % complete

Exclude Superseded EDK child library axi_iic_v1_00_a.

Library edk:axi_iic_v1_01_a will not be compiled, because precompiled info is up to date.
compxlib[edk:axi_iic_v1_01_a]: 0 error(s), 0 warning(s), 19.20 % complete

Exclude Superseded EDK child library axi_intc_v1_00_a.

Library edk:axi_intc_v1_01_a will not be compiled, because precompiled info is up to date.
compxlib[edk:axi_intc_v1_01_a]: 0 error(s), 0 warning(s), 20.00 % complete

Exclude Superseded EDK child library axi_interconnect_v1_00_a.

Library edk:axi_interconnect_v1_01_a will not be compiled, because precompiled info is up to date.
compxlib[edk:axi_interconnect_v1_01_a]: 0 error(s), 0 warning(s), 20.80 % complete


Library edk:axi_plbv46_bridge_v2_00_a will not be compiled, because precompiled info is up to date.
compxlib[edk:axi_plbv46_bridge_v2_00_a]: 0 error(s), 0 warning(s), 21.20 % complete

Exclude Superseded EDK child library axi_s6_ddrx_v1_00_a.

Library edk:axi_s6_ddrx_v1_01_a will not be compiled, because precompiled info is up to date.
compxlib[edk:axi_s6_ddrx_v1_01_a]: 0 error(s), 0 warning(s), 22.00 % complete

Exclude Superseded EDK child library axi_spi_v1_00_a.

Library edk:axi_spi_v1_01_a will not be compiled, because precompiled info is up to date.
compxlib[edk:axi_spi_v1_01_a]: 0 error(s), 0 warning(s), 22.80 % complete


Library edk:sysace_common_v1_01_a will not be compiled, because precompiled info is up to date.
compxlib[edk:sysace_common_v1_01_a]: 0 error(s), 0 warning(s), 23.20 % complete

Exclude Superseded EDK child library axi_sysace_v1_00_a.

Library edk:axi_sysace_v1_01_a will not be compiled, because precompiled info is up to date.
compxlib[edk:axi_sysace_v1_01_a]: 0 error(s), 0 warning(s), 24.00 % complete

Exclude Superseded EDK child library axi_sysmon_adc_v1_00_a.

Library edk:axi_sysmon_adc_v1_01_a will not be compiled, because precompiled info is up to date.
compxlib[edk:axi_sysmon_adc_v1_01_a]: 0 error(s), 0 warning(s), 24.80 % complete

Exclude Superseded EDK child library axi_timebase_wdt_v1_00_a.

Library edk:axi_timebase_wdt_v1_01_a will not be compiled, because precompiled info is up to date.
compxlib[edk:axi_timebase_wdt_v1_01_a]: 0 error(s), 0 warning(s), 25.60 % complete

Exclude Superseded EDK child library axi_timer_v1_00_a.

Library edk:axi_timer_v1_01_a will not be compiled, because precompiled info is up to date.
compxlib[edk:axi_timer_v1_01_a]: 0 error(s), 0 warning(s), 26.40 % complete

Exclude Superseded EDK child library axi_uart16550_v1_00_a.

Library edk:axi_uart16550_v1_01_a will not be compiled, because precompiled info is up to date.
compxlib[edk:axi_uart16550_v1_01_a]: 0 error(s), 0 warning(s), 27.20 % complete

Exclude Superseded EDK child library axi_uartlite_v1_00_a.

Library edk:axi_uartlite_v1_01_a will not be compiled, because precompiled info is up to date.
compxlib[edk:axi_uartlite_v1_01_a]: 0 error(s), 0 warning(s), 28.00 % complete


Library edk:axi_usb2_device_v1_00_a will not be compiled, because precompiled info is up to date.
compxlib[edk:axi_usb2_device_v1_00_a]: 0 error(s), 0 warning(s), 28.40 % complete

Exclude Superseded EDK child library axi_v6_ddrx_v1_00_a.

Library edk:axi_v6_ddrx_v1_01_a will not be compiled, because precompiled info is up to date.
compxlib[edk:axi_v6_ddrx_v1_01_a]: 0 error(s), 0 warning(s), 29.20 % complete

Exclude Superseded EDK child library axi_vdma_v1_00_a.

Library edk:axi_vdma_v2_00_a will not be compiled, because precompiled info is up to date.
compxlib[edk:axi_vdma_v2_00_a]: 0 error(s), 0 warning(s), 30.00 % complete


Library edk:block_plus_v1_10_a will not be compiled, because precompiled info is up to date.
compxlib[edk:block_plus_v1_10_a]: 0 error(s), 0 warning(s), 30.40 % complete


Library edk:block_plus_v1_10_b will not be compiled, because precompiled info is up to date.
compxlib[edk:block_plus_v1_10_b]: 0 error(s), 0 warning(s), 30.80 % complete


Library edk:block_plus_v1_12_a will not be compiled, because precompiled info is up to date.
compxlib[edk:block_plus_v1_12_a]: 0 error(s), 0 warning(s), 31.20 % complete


Library edk:block_plus_v1_13_a will not be compiled, because precompiled info is up to date.
compxlib[edk:block_plus_v1_13_a]: 0 error(s), 0 warning(s), 31.60 % complete

Exclude elaborated EDK child library bram_block_v1_00_a.
Exclude Superseded EDK child library chipscope_axi_monitor_v1_00_a.

Library edk:chipscope_axi_monitor_v1_01_a will not be compiled, because precompiled info is up to date.
compxlib[edk:chipscope_axi_monitor_v1_01_a]: 0 error(s), 0 warning(s), 32.80 % complete


Library edk:chipscope_icon_v1_04_a will not be compiled, because precompiled info is up to date.
compxlib[edk:chipscope_icon_v1_04_a]: 0 error(s), 0 warning(s), 33.20 % complete


Library edk:chipscope_ila_v1_03_a will not be compiled, because precompiled info is up to date.
compxlib[edk:chipscope_ila_v1_03_a]: 0 error(s), 0 warning(s), 33.60 % complete

Exclude Superseded EDK child library chipscope_opb_iba_v1_01_a.
Exclude Superseded EDK child library chipscope_plb_iba_v1_01_a.

Library edk:chipscope_plbv46_iba_v1_03_a will not be compiled, because precompiled info is up to date.
compxlib[edk:chipscope_plbv46_iba_v1_03_a]: 0 error(s), 0 warning(s), 34.80 % complete


Library edk:chipscope_vio_v1_03_a will not be compiled, because precompiled info is up to date.
compxlib[edk:chipscope_vio_v1_03_a]: 0 error(s), 0 warning(s), 35.20 % complete

Exclude Superseded EDK child library clock_generator_v3_02_a.
Exclude Superseded EDK child library clock_generator_v4_00_a.

Library edk:clock_generator_v4_01_a will not be compiled, because precompiled info is up to date.
compxlib[edk:clock_generator_v4_01_a]: 0 error(s), 0 warning(s), 36.40 % complete


Library edk:csum_v1_00_a will not be compiled, because precompiled info is up to date.
compxlib[edk:csum_v1_00_a]: 0 error(s), 0 warning(s), 36.80 % complete

Exclude Superseded EDK child library dcm_module_v1_00_d.

Library edk:dcm_module_v1_00_e will not be compiled, because precompiled info is up to date.
compxlib[edk:dcm_module_v1_00_e]: 0 error(s), 0 warning(s), 37.60 % complete


Library edk:intc_core_v2_00_a will not be compiled, because precompiled info is up to date.
compxlib[edk:intc_core_v2_00_a]: 0 error(s), 1 warning(s), 38.00 % complete


Library edk:dcr_intc_v2_00_a will not be compiled, because precompiled info is up to date.
compxlib[edk:dcr_intc_v2_00_a]: 0 error(s), 0 warning(s), 38.40 % complete


Library edk:dcr_v29_v1_00_b will not be compiled, because precompiled info is up to date.
compxlib[edk:dcr_v29_v1_00_b]: 0 error(s), 0 warning(s), 38.80 % complete


Library edk:dsbram_if_cntlr_v3_00_c will not be compiled, because precompiled info is up to date.
compxlib[edk:dsbram_if_cntlr_v3_00_c]: 0 error(s), 0 warning(s), 39.20 % complete


Library edk:dsocm_v10_v2_00_b will not be compiled, because precompiled info is up to date.
compxlib[edk:dsocm_v10_v2_00_b]: 0 error(s), 0 warning(s), 39.60 % complete


Library edk:emc_common_v4_01_a will not be compiled, because precompiled info is up to date.
compxlib[edk:emc_common_v4_01_a]: 0 error(s), 0 warning(s), 40.00 % complete


Library edk:eth_stat_wrap_v2_02_a will not be compiled, because precompiled info is up to date.
compxlib[edk:eth_stat_wrap_v2_02_a]: 0 error(s), 0 warning(s), 40.40 % complete


Library edk:eth_stat_wrap_v2_03_a will not be compiled, because precompiled info is up to date.
compxlib[edk:eth_stat_wrap_v2_03_a]: 0 error(s), 0 warning(s), 40.80 % complete


Library edk:fcb2fsl_bridge_v1_00_a will not be compiled, because precompiled info is up to date.
compxlib[edk:fcb2fsl_bridge_v1_00_a]: 0 error(s), 0 warning(s), 41.20 % complete


Library edk:fcb_v10_v1_00_a will not be compiled, because precompiled info is up to date.
compxlib[edk:fcb_v10_v1_00_a]: 0 error(s), 0 warning(s), 41.60 % complete


Library edk:fcb_v20_v1_00_a will not be compiled, because precompiled info is up to date.
compxlib[edk:fcb_v20_v1_00_a]: 0 error(s), 0 warning(s), 42.00 % complete

Exclude Superseded EDK child library fit_timer_v1_01_a.

Library edk:fit_timer_v1_01_b will not be compiled, because precompiled info is up to date.
compxlib[edk:fit_timer_v1_01_b]: 0 error(s), 0 warning(s), 42.80 % complete

Exclude Superseded EDK child library fsl_v20_v2_11_b.

Library edk:fsl_v20_v2_11_c will not be compiled, because precompiled info is up to date.
compxlib[edk:fsl_v20_v2_11_c]: 0 error(s), 0 warning(s), 43.60 % complete


Library edk:hwicap_v4_00_a will not be compiled, because precompiled info is up to date.
compxlib[edk:hwicap_v4_00_a]: 0 error(s), 0 warning(s), 44.00 % complete


Library edk:hwicap_v5_00_a will not be compiled, because precompiled info is up to date.
compxlib[edk:hwicap_v5_00_a]: 0 error(s), 0 warning(s), 44.40 % complete


Library edk:hwicap_v6_00_a will not be compiled, because precompiled info is up to date.
compxlib[edk:hwicap_v6_00_a]: 0 error(s), 0 warning(s), 44.80 % complete


Library edk:proc_common_v2_00_a will not be compiled, because precompiled info is up to date.
compxlib[edk:proc_common_v2_00_a]: 0 error(s), 0 warning(s), 45.20 % complete


Library edk:interrupt_control_v1_00_a will not be compiled, because precompiled info is up to date.
compxlib[edk:interrupt_control_v1_00_a]: 0 error(s), 0 warning(s), 45.60 % complete


Library edk:isbram_if_cntlr_v3_00_c will not be compiled, because precompiled info is up to date.
compxlib[edk:isbram_if_cntlr_v3_00_c]: 0 error(s), 0 warning(s), 46.00 % complete


Library edk:isocm_v10_v2_00_b will not be compiled, because precompiled info is up to date.
compxlib[edk:isocm_v10_v2_00_b]: 0 error(s), 0 warning(s), 46.40 % complete


Library edk:jtagppc_cntlr_v2_01_c will not be compiled, because precompiled info is up to date.
compxlib[edk:jtagppc_cntlr_v2_01_c]: 0 error(s), 0 warning(s), 46.80 % complete


Library edk:lmb_bram_if_cntlr_v2_10_b will not be compiled, because precompiled info is up to date.
compxlib[edk:lmb_bram_if_cntlr_v2_10_b]: 0 error(s), 0 warning(s), 47.20 % complete


Library edk:lmb_v10_v1_00_a will not be compiled, because precompiled info is up to date.
compxlib[edk:lmb_v10_v1_00_a]: 0 error(s), 0 warning(s), 47.60 % complete


Library edk:plbv46_slave_single_v1_01_a will not be compiled, because precompiled info is up to date.
compxlib[edk:plbv46_slave_single_v1_01_a]: 0 error(s), 0 warning(s), 48.00 % complete


Library edk:mailbox_v1_00_a will not be compiled, because precompiled info is up to date.
compxlib[edk:mailbox_v1_00_a]: 0 error(s), 0 warning(s), 48.40 % complete


Library edk:plbv46_slave_burst_v1_01_a will not be compiled, because precompiled info is up to date.
compxlib[edk:plbv46_slave_burst_v1_01_a]: 0 error(s), 0 warning(s), 48.80 % complete


Library edk:mch_plbv46_slave_burst_v2_01_a will not be compiled, because precompiled info is up to date.
compxlib[edk:mch_plbv46_slave_burst_v2_01_a]: 0 error(s), 0 warning(s), 49.20 % complete

Exclude Superseded EDK child library mdm_v1_00_g.

Library edk:mdm_v2_00_a will not be compiled, because precompiled info is up to date.
compxlib[edk:mdm_v2_00_a]: 0 error(s), 0 warning(s), 50.00 % complete


Library edk:mgt_protector_v1_00_a will not be compiled, because precompiled info is up to date.
compxlib[edk:mgt_protector_v1_00_a]: 0 error(s), 0 warning(s), 50.40 % complete

Exclude Superseded EDK child library microblaze_v7_20_d.
Exclude Superseded EDK child library microblaze_v7_30_a.
Exclude Superseded EDK child library microblaze_v7_30_b.
Exclude Superseded EDK child library microblaze_v8_00_a.

Library edk:microblaze_v8_00_b will not be compiled, because precompiled info is up to date.
compxlib[edk:microblaze_v8_00_b]: 0 error(s), 0 warning(s), 52.40 % complete


Library edk:mii_to_rmii_v1_01_a will not be compiled, because precompiled info is up to date.
compxlib[edk:mii_to_rmii_v1_01_a]: 0 error(s), 0 warning(s), 52.80 % complete


Library edk:mmcm_module_v1_00_a will not be compiled, because precompiled info is up to date.
compxlib[edk:mmcm_module_v1_00_a]: 0 error(s), 0 warning(s), 53.20 % complete

Exclude Superseded EDK child library mpmc_v5_04_a.
Exclude Superseded EDK child library mpmc_v6_00_a.
Exclude Superseded EDK child library mpmc_v6_01_a.

Library edk:mpmc_v6_02_a will not be compiled, because precompiled info is up to date.
compxlib[edk:mpmc_v6_02_a]: 0 error(s), 12 warning(s), 54.80 % complete


Library edk:mutex_v1_00_a will not be compiled, because precompiled info is up to date.
compxlib[edk:mutex_v1_00_a]: 0 error(s), 0 warning(s), 55.20 % complete


Library edk:rdpfifo_v1_01_b will not be compiled, because precompiled info is up to date.
compxlib[edk:rdpfifo_v1_01_b]: 0 error(s), 0 warning(s), 55.60 % complete


Library edk:wrpfifo_v1_01_b will not be compiled, because precompiled info is up to date.
compxlib[edk:wrpfifo_v1_01_b]: 0 error(s), 0 warning(s), 56.00 % complete


Library edk:opb_ipif_v3_01_a will not be compiled, because precompiled info is up to date.
compxlib[edk:opb_ipif_v3_01_a]: 0 error(s), 0 warning(s), 56.40 % complete

Exclude Superseded EDK child library opb2dcr_bridge_v1_00_b.

Library edk:plbv46_master_burst_v1_01_a will not be compiled, because precompiled info is up to date.
compxlib[edk:plbv46_master_burst_v1_01_a]: 0 error(s), 0 warning(s), 57.20 % complete

Exclude Superseded EDK child library opb_plbv46_bridge_v1_01_a.
Exclude Superseded EDK child library opb_v20_v1_10_d.

Library edk:pci_arbiter_v1_00_a will not be compiled, because precompiled info is up to date.
compxlib[edk:pci_arbiter_v1_00_a]: 0 error(s), 0 warning(s), 58.40 % complete


Library edk:proc_common_v1_00_b will not be compiled, because precompiled info is up to date.
compxlib[edk:proc_common_v1_00_b]: 0 error(s), 0 warning(s), 58.80 % complete

Exclude Superseded EDK child library plb_v34_v1_02_a.
Exclude Superseded EDK child library plb_v46_v1_04_a.

Library edk:plb_v46_v1_05_a will not be compiled, because precompiled info is up to date.
compxlib[edk:plb_v46_v1_05_a]: 0 error(s), 0 warning(s), 60.00 % complete


Library edk:plbv46_axi_bridge_v2_00_a will not be compiled, because precompiled info is up to date.
compxlib[edk:plbv46_axi_bridge_v2_00_a]: 0 error(s), 0 warning(s), 60.40 % complete


Library edk:plbv46_dcr_bridge_v1_01_a will not be compiled, because precompiled info is up to date.
compxlib[edk:plbv46_dcr_bridge_v1_01_a]: 0 error(s), 0 warning(s), 60.80 % complete


Library edk:plbv46_master_single_v1_01_a will not be compiled, because precompiled info is up to date.
compxlib[edk:plbv46_master_single_v1_01_a]: 0 error(s), 0 warning(s), 61.20 % complete


Library edk:plbv46_master_v1_03_a will not be compiled, because precompiled info is up to date.
compxlib[edk:plbv46_master_v1_03_a]: 0 error(s), 42 warning(s), 61.60 % complete


Library edk:plbv46_master_v1_04_a will not be compiled, because precompiled info is up to date.
compxlib[edk:plbv46_master_v1_04_a]: 0 error(s), 42 warning(s), 62.00 % complete

Exclude Superseded EDK child library plbv46_opb_bridge_v1_01_a.

Library edk:wrpfifo_v5_00_a will not be compiled, because precompiled info is up to date.
compxlib[edk:wrpfifo_v5_00_a]: 0 error(s), 0 warning(s), 62.80 % complete


Library edk:rdpfifo_v4_01_a will not be compiled, because precompiled info is up to date.
compxlib[edk:rdpfifo_v4_01_a]: 0 error(s), 0 warning(s), 63.20 % complete


Library edk:plbv46_slave_v1_03_a will not be compiled, because precompiled info is up to date.
compxlib[edk:plbv46_slave_v1_03_a]: 0 error(s), 0 warning(s), 63.60 % complete


Library edk:plbv46_pci_v1_03_a will not be compiled, because precompiled info is up to date.
compxlib[edk:plbv46_pci_v1_03_a]: 0 error(s), 0 warning(s), 64.00 % complete


Library edk:plbv46_slave_v1_04_a will not be compiled, because precompiled info is up to date.
compxlib[edk:plbv46_slave_v1_04_a]: 0 error(s), 0 warning(s), 64.40 % complete


Library edk:virtex6_pcie_v1_01_a will not be compiled, because precompiled info is up to date.
compxlib[edk:virtex6_pcie_v1_01_a]: 0 error(s), 0 warning(s), 64.80 % complete


Library edk:spartan6_pcie_v1_01_a will not be compiled, because precompiled info is up to date.
compxlib[edk:spartan6_pcie_v1_01_a]: 0 error(s), 0 warning(s), 65.20 % complete

Exclude Superseded EDK child library plbv46_pcie_v4_01_a.

Library edk:virtex6_pcie_v1_02_a will not be compiled, because precompiled info is up to date.
compxlib[edk:virtex6_pcie_v1_02_a]: 0 error(s), 0 warning(s), 66.00 % complete


Library edk:spartan6_pcie_v1_02_a will not be compiled, because precompiled info is up to date.
compxlib[edk:spartan6_pcie_v1_02_a]: 0 error(s), 0 warning(s), 66.40 % complete

Exclude Superseded EDK child library plbv46_pcie_v4_02_a.

Library edk:virtex6_pcie_v1_04_a will not be compiled, because precompiled info is up to date.
compxlib[edk:virtex6_pcie_v1_04_a]: 0 error(s), 21 warning(s), 67.20 % complete


Library edk:spartan6_pcie_v1_04_a will not be compiled, because precompiled info is up to date.
compxlib[edk:spartan6_pcie_v1_04_a]: 0 error(s), 0 warning(s), 67.60 % complete

Exclude Superseded EDK child library plbv46_pcie_v4_04_a.

Library edk:virtex6_pcie_v1_05_a will not be compiled, because precompiled info is up to date.
compxlib[edk:virtex6_pcie_v1_05_a]: 0 error(s), 23 warning(s), 68.40 % complete

Exclude Superseded EDK child library plbv46_pcie_v4_05_a.

Library edk:plbv46_pcie_v4_06_a will not be compiled, because precompiled info is up to date.
compxlib[edk:plbv46_pcie_v4_06_a]: 0 error(s), 12 warning(s), 69.20 % complete


Library edk:plbv46_slave_v1_02_a will not be compiled, because precompiled info is up to date.
compxlib[edk:plbv46_slave_v1_02_a]: 0 error(s), 0 warning(s), 69.60 % complete

Exclude Superseded EDK child library plbv46_plbv46_bridge_v1_02_b.

Library edk:wrpfifo_v5_01_a will not be compiled, because precompiled info is up to date.
compxlib[edk:wrpfifo_v5_01_a]: 0 error(s), 0 warning(s), 70.40 % complete


Library edk:rdpfifo_v4_02_a will not be compiled, because precompiled info is up to date.
compxlib[edk:rdpfifo_v4_02_a]: 0 error(s), 0 warning(s), 70.80 % complete


Library edk:plbv46_slave_v1_05_a will not be compiled, because precompiled info is up to date.
compxlib[edk:plbv46_slave_v1_05_a]: 0 error(s), 0 warning(s), 71.20 % complete


Library edk:plbv46_plbv46_bridge_v1_03_a will not be compiled, because precompiled info is up to date.
compxlib[edk:plbv46_plbv46_bridge_v1_03_a]: 0 error(s), 0 warning(s), 71.60 % complete


Library edk:pll_module_v2_00_a will not be compiled, because precompiled info is up to date.
compxlib[edk:pll_module_v2_00_a]: 0 error(s), 0 warning(s), 72.00 % complete


Library edk:ppc405_virtex4_v2_01_b will not be compiled, because precompiled info is up to date.
compxlib[edk:ppc405_virtex4_v2_01_b]: 0 error(s), 0 warning(s), 72.40 % complete


Library edk:ppc440_virtex5_v1_01_a will not be compiled, because precompiled info is up to date.
compxlib[edk:ppc440_virtex5_v1_01_a]: 0 error(s), 0 warning(s), 72.80 % complete

Exclude Superseded EDK child library ppc440mc_ddr2_v3_00_a.

Library edk:ppc440mc_ddr2_v3_00_b will not be compiled, because precompiled info is up to date.
compxlib[edk:ppc440mc_ddr2_v3_00_b]: 0 error(s), 0 warning(s), 73.60 % complete


Library edk:ppc440mc_ddr2_v3_00_c will not be compiled, because precompiled info is up to date.
compxlib[edk:ppc440mc_ddr2_v3_00_c]: 0 error(s), 0 warning(s), 74.00 % complete

Exclude Superseded EDK child library proc_sys_reset_v2_00_a.

Library edk:proc_sys_reset_v3_00_a will not be compiled, because precompiled info is up to date.
compxlib[edk:proc_sys_reset_v3_00_a]: 0 error(s), 0 warning(s), 74.80 % complete


Library edk:proc_utils_v1_00_a will not be compiled, because precompiled info is up to date.
compxlib[edk:proc_utils_v1_00_a]: 0 error(s), 0 warning(s), 75.20 % complete


Library edk:soft_temac_wrap_v2_02_a will not be compiled, because precompiled info is up to date.
compxlib[edk:soft_temac_wrap_v2_02_a]: 0 error(s), 0 warning(s), 75.60 % complete


Library edk:soft_temac_wrap_v2_03_a will not be compiled, because precompiled info is up to date.
compxlib[edk:soft_temac_wrap_v2_03_a]: 0 error(s), 0 warning(s), 76.00 % complete


Library edk:spartan6_pcie_v1_03_a will not be compiled, because precompiled info is up to date.
compxlib[edk:spartan6_pcie_v1_03_a]: 0 error(s), 0 warning(s), 76.40 % complete


Library edk:util_bus_split_v1_00_a will not be compiled, because precompiled info is up to date.
compxlib[edk:util_bus_split_v1_00_a]: 0 error(s), 0 warning(s), 76.80 % complete


Library edk:util_ds_buf_v1_01_a will not be compiled, because precompiled info is up to date.
compxlib[edk:util_ds_buf_v1_01_a]: 0 error(s), 0 warning(s), 77.20 % complete


Library edk:util_flipflop_v1_10_a will not be compiled, because precompiled info is up to date.
compxlib[edk:util_flipflop_v1_10_a]: 0 error(s), 0 warning(s), 77.60 % complete


Library edk:util_io_mux_v1_00_a will not be compiled, because precompiled info is up to date.
compxlib[edk:util_io_mux_v1_00_a]: 0 error(s), 0 warning(s), 78.00 % complete


Library edk:util_reduced_logic_v1_00_a will not be compiled, because precompiled info is up to date.
compxlib[edk:util_reduced_logic_v1_00_a]: 0 error(s), 0 warning(s), 78.40 % complete


Library edk:util_vector_logic_v1_00_a will not be compiled, because precompiled info is up to date.
compxlib[edk:util_vector_logic_v1_00_a]: 0 error(s), 0 warning(s), 78.80 % complete


Library edk:virtex6_pcie_v1_03_a will not be compiled, because precompiled info is up to date.
compxlib[edk:virtex6_pcie_v1_03_a]: 0 error(s), 0 warning(s), 79.20 % complete

Exclude Superseded EDK child library xmtc_v1_00_c.

Library edk:xps_bram_if_cntlr_v1_00_b will not be compiled, because precompiled info is up to date.
compxlib[edk:xps_bram_if_cntlr_v1_00_b]: 0 error(s), 0 warning(s), 80.00 % complete

Exclude Superseded EDK child library xps_can_v3_00_a.

Library edk:xps_can_v3_01_a will not be compiled, because precompiled info is up to date.
compxlib[edk:xps_can_v3_01_a]: 0 error(s), 0 warning(s), 80.80 % complete

Exclude Superseded EDK child library xps_central_dma_v2_01_b.
Exclude Superseded EDK child library xps_central_dma_v2_01_c.
Exclude Superseded EDK child library xps_central_dma_v2_02_a.

Library edk:xps_central_dma_v2_03_a will not be compiled, because precompiled info is up to date.
compxlib[edk:xps_central_dma_v2_03_a]: 0 error(s), 0 warning(s), 82.40 % complete


Library edk:xps_deltasigma_adc_v1_01_a will not be compiled, because precompiled info is up to date.
compxlib[edk:xps_deltasigma_adc_v1_01_a]: 0 error(s), 0 warning(s), 82.80 % complete


Library edk:xps_deltasigma_dac_v1_01_a will not be compiled, because precompiled info is up to date.
compxlib[edk:xps_deltasigma_dac_v1_01_a]: 0 error(s), 0 warning(s), 83.20 % complete


Library edk:xps_epc_v1_02_a will not be compiled, because precompiled info is up to date.
compxlib[edk:xps_epc_v1_02_a]: 0 error(s), 0 warning(s), 83.60 % complete

Exclude Superseded EDK child library xps_ethernetlite_v3_01_a.

Library edk:xps_ethernetlite_v4_00_a will not be compiled, because precompiled info is up to date.
compxlib[edk:xps_ethernetlite_v4_00_a]: 0 error(s), 1 warning(s), 84.40 % complete


Library edk:xps_gpio_v2_00_a will not be compiled, because precompiled info is up to date.
compxlib[edk:xps_gpio_v2_00_a]: 0 error(s), 0 warning(s), 84.80 % complete

Exclude Superseded EDK child library xps_hwicap_v3_00_a.
Exclude Superseded EDK child library xps_hwicap_v4_00_a.

Library edk:xps_hwicap_v5_00_a will not be compiled, because precompiled info is up to date.
compxlib[edk:xps_hwicap_v5_00_a]: 0 error(s), 0 warning(s), 86.00 % complete

Exclude Superseded EDK child library xps_iic_v2_01_a.
Exclude Superseded EDK child library xps_iic_v2_02_a.

Library edk:xps_iic_v2_03_a will not be compiled, because precompiled info is up to date.
compxlib[edk:xps_iic_v2_03_a]: 0 error(s), 0 warning(s), 87.20 % complete

Exclude Superseded EDK child library xps_spi_v2_01_b.
Exclude Superseded EDK child library xps_insystem_flash_v1_01_b.

Library edk:xps_spi_v2_02_a will not be compiled, because precompiled info is up to date.
compxlib[edk:xps_spi_v2_02_a]: 0 error(s), 0 warning(s), 88.40 % complete


Library edk:xps_insystem_flash_v1_02_a will not be compiled, because precompiled info is up to date.
compxlib[edk:xps_insystem_flash_v1_02_a]: 0 error(s), 0 warning(s), 88.80 % complete

Exclude Superseded EDK child library xps_intc_v2_00_a.

Library edk:xps_intc_v2_01_a will not be compiled, because precompiled info is up to date.
compxlib[edk:xps_intc_v2_01_a]: 0 error(s), 0 warning(s), 89.60 % complete


Library edk:xps_ll_fifo_v1_02_a will not be compiled, because precompiled info is up to date.
compxlib[edk:xps_ll_fifo_v1_02_a]: 0 error(s), 0 warning(s), 90.00 % complete


Library edk:xps_ll_temac_v2_03_a will not be compiled, because precompiled info is up to date.
compxlib[edk:xps_ll_temac_v2_03_a]: 0 error(s), 0 warning(s), 90.40 % complete

Exclude Superseded EDK child library xps_mailbox_v2_00_b.

Library edk:xps_mch_emc_v3_01_a will not be compiled, because precompiled info is up to date.
compxlib[edk:xps_mch_emc_v3_01_a]: 0 error(s), 0 warning(s), 91.20 % complete

Exclude Superseded EDK child library xps_most_nic_v1_01_a.
Exclude Superseded EDK child library xps_most_nic_v1_02_a.

Library edk:xps_most_nic_v1_03_a will not be compiled, because precompiled info is up to date.
compxlib[edk:xps_most_nic_v1_03_a]: 0 error(s), 0 warning(s), 92.40 % complete

Exclude Superseded EDK child library xps_mutex_v1_00_d.
Exclude Superseded EDK child library xps_ps2_v1_01_a.

Library edk:xps_ps2_v1_01_b will not be compiled, because precompiled info is up to date.
compxlib[edk:xps_ps2_v1_01_b]: 0 error(s), 0 warning(s), 93.60 % complete


Library edk:xps_sysace_v1_01_a will not be compiled, because precompiled info is up to date.
compxlib[edk:xps_sysace_v1_01_a]: 0 error(s), 0 warning(s), 94.00 % complete


Library edk:xps_sysmon_adc_v2_00_a will not be compiled, because precompiled info is up to date.
compxlib[edk:xps_sysmon_adc_v2_00_a]: 0 error(s), 0 warning(s), 94.40 % complete


Library edk:xps_tft_v2_01_a will not be compiled, because precompiled info is up to date.
compxlib[edk:xps_tft_v2_01_a]: 0 error(s), 0 warning(s), 94.80 % complete

Exclude Superseded EDK child library xps_timebase_wdt_v1_01_a.

Library edk:xps_timebase_wdt_v1_02_a will not be compiled, because precompiled info is up to date.
compxlib[edk:xps_timebase_wdt_v1_02_a]: 0 error(s), 0 warning(s), 95.60 % complete

Exclude Superseded EDK child library xps_timer_v1_01_b.

Library edk:xps_timer_v1_02_a will not be compiled, because precompiled info is up to date.
compxlib[edk:xps_timer_v1_02_a]: 0 error(s), 0 warning(s), 96.40 % complete


Library edk:xps_uart16550_v3_00_a will not be compiled, because precompiled info is up to date.
compxlib[edk:xps_uart16550_v3_00_a]: 0 error(s), 0 warning(s), 96.80 % complete


Library edk:xps_uartlite_v1_01_a will not be compiled, because precompiled info is up to date.
compxlib[edk:xps_uartlite_v1_01_a]: 0 error(s), 0 warning(s), 97.20 % complete

Exclude Superseded EDK child library xps_usb2_device_v2_00_a.
Exclude Superseded EDK child library xps_usb2_device_v3_00_a.
Exclude Superseded EDK child library xps_usb2_device_v3_01_a.
Exclude Superseded EDK child library xps_usb2_device_v4_00_a.

Library edk:xps_usb2_device_v5_00_a will not be compiled, because precompiled info is up to date.
compxlib[edk:xps_usb2_device_v5_00_a]: 0 error(s), 0 warning(s), 99.20 % complete

Exclude Superseded EDK child library xps_usb_host_v1_00_a.

Library edk:xps_usb_host_v1_01_a will not be compiled, because precompiled info is up to date.
compxlib[edk:xps_usb_host_v1_01_a]: 0 error(s), 0 warning(s), 100.00 % complete

==============================================================================
BEGIN_COMPILATION_MESSAGES(mti_se::edk)
Modifying c:\modeltech_6.6d\modelsim.ini


END_COMPILATION_MESSAGES(mti_se::edk)
==============================================================================
compxlib[edk]: 0 error(s), 156 warning(s), 100.00 % complete


**********************************************************************************************
*                                   COMPILATION SUMMARY                                      *
*                                                                                            *
*  Simulator used: mti_se                                                                    *
*  Compiled on: Tue Oct 08 01:31:57 2013                                                     *
*                                                                                            *
**********************************************************************************************
*               Library                |  Lang   |  Mapped Name(s)   | Err#(s)  |  Warn#(s)  *
*--------------------------------------------------------------------------------------------*
*  edk                                 |         | edk               | 0        | 156        *
*--------------------------------------------------------------------------------------------*

